2025-08-24 00:58:24,943 - SystemMasterAI - INFO - SystemMasterAI baslatiliyor...
2025-08-24 00:58:27,397 - SystemMasterAI - INFO - Uygulama calistiriliyor...
2025-08-24 01:21:24,662 - SystemMasterAI - INFO - SystemMasterAI baslatiliyor...
2025-08-24 01:21:24,708 - SystemMasterAI - INFO - Bilesenler baslatiliyor...
2025-08-24 01:21:25,834 - SystemMasterAI - INFO - 1 plugin yuklendi
2025-08-24 01:21:25,850 - SystemMasterAI - INFO - GUI olusturuluyor...
2025-08-24 01:21:28,193 - SystemMasterAI - INFO - Sistem izleme baslatiliyor...
2025-08-24 01:21:28,256 - SystemMasterAI - INFO - Sistem bilgileri alindi: win32
2025-08-24 01:21:28,615 - SystemMasterAI - INFO - Uygulama calistiriliyor...
2025-08-24 01:41:27,750 - SystemMasterAI - INFO - SystemMasterAI baslatiliyor...
2025-08-24 01:41:27,797 - SystemMasterAI - INFO - Bilesenler baslatiliyor...
2025-08-24 01:41:28,641 - SystemMasterAI - INFO - 1 plugin yuklendi
2025-08-24 01:41:28,656 - SystemMasterAI - INFO - GUI olusturuluyor...
2025-08-24 01:41:30,406 - SystemMasterAI - INFO - Sistem izleme baslatiliyor...
2025-08-24 01:41:30,501 - SystemMasterAI - INFO - Sistem bilgileri alindi: win32
2025-08-24 01:41:30,859 - SystemMasterAI - INFO - Uygulama calistiriliyor...
2025-08-24 10:08:10,164 - SystemMasterAI - INFO - SystemMasterAI baslatiliyor...
2025-08-24 10:08:10,180 - SystemMasterAI - INFO - Bilesenler baslatiliyor...
2025-08-24 10:08:52,515 - SystemMasterAI - INFO - SystemMasterAI baslatiliyor...
2025-08-24 10:08:52,578 - SystemMasterAI - INFO - Bilesenler baslatiliyor...
2025-08-24 10:08:53,469 - SystemMasterAI - INFO - 1 plugin yuklendi
2025-08-24 10:08:53,469 - SystemMasterAI - INFO - GUI olusturuluyor...
2025-08-24 10:08:55,453 - SystemMasterAI - INFO - Sistem izleme baslatiliyor...
2025-08-24 10:08:55,547 - SystemMasterAI - INFO - Sistem bilgileri alindi: win32
2025-08-24 10:08:56,110 - SystemMasterAI - INFO - Uygulama calistiriliyor...
2025-08-24 10:27:09,958 - SystemMasterAI - INFO - SystemMasterAI baslatiliyor...
2025-08-24 10:27:09,989 - SystemMasterAI - INFO - Bilesenler baslatiliyor...
2025-08-24 10:27:10,864 - SystemMasterAI - INFO - 1 plugin yuklendi
2025-08-24 10:27:10,864 - SystemMasterAI - INFO - GUI olusturuluyor...
2025-08-24 10:27:12,692 - SystemMasterAI - INFO - Sistem izleme baslatiliyor...
2025-08-24 10:27:12,738 - SystemMasterAI - INFO - Sistem bilgileri alindi: win32
2025-08-24 10:27:13,098 - SystemMasterAI - INFO - Uygulama calistiriliyor...
2025-08-24 10:36:32,112 - SystemMasterAI - INFO - SystemMasterAI baslatiliyor...
2025-08-24 10:36:32,143 - SystemMasterAI - INFO - Bilesenler baslatiliyor...
2025-08-24 10:36:33,003 - SystemMasterAI - INFO - 1 plugin yuklendi
2025-08-24 10:36:33,003 - SystemMasterAI - INFO - GUI olusturuluyor...
2025-08-24 10:36:34,832 - SystemMasterAI - INFO - Sistem izleme baslatiliyor...
2025-08-24 10:36:34,879 - SystemMasterAI - INFO - Sistem bilgileri alindi: win32
2025-08-24 10:36:35,238 - SystemMasterAI - INFO - Uygulama calistiriliyor...
2025-08-24 11:07:59,259 - SystemMasterAI - INFO - SystemMasterAI baslatiliyor...
2025-08-24 11:07:59,259 - SystemMasterAI - INFO - Bilesenler baslatiliyor...
2025-08-24 11:08:01,571 - SystemMasterAI - INFO - 1 plugin yuklendi
2025-08-24 11:08:01,571 - SystemMasterAI - INFO - GUI olusturuluyor...
2025-08-24 11:08:03,353 - SystemMasterAI - INFO - Sistem izleme baslatiliyor...
2025-08-24 11:08:03,385 - SystemMasterAI - INFO - Sistem bilgileri alindi: win32
2025-08-24 11:08:03,760 - SystemMasterAI - INFO - Uygulama calistiriliyor...
2025-08-24 11:14:56,177 - SystemMasterAI - INFO - SystemMasterAI baslatiliyor...
2025-08-24 11:14:56,192 - SystemMasterAI - INFO - Bilesenler baslatiliyor...
2025-08-24 11:14:58,710 - SystemMasterAI - INFO - 1 plugin yuklendi
2025-08-24 11:14:58,710 - SystemMasterAI - INFO - GUI olusturuluyor...
2025-08-24 11:15:00,741 - SystemMasterAI - INFO - Sistem izleme baslatiliyor...
2025-08-24 11:15:00,788 - SystemMasterAI - INFO - Sistem bilgileri alindi: win32
2025-08-24 11:15:01,132 - SystemMasterAI - WARNING - Baslangicta 1 hata tespit edildi
2025-08-24 11:15:01,163 - SystemMasterAI - INFO - Uygulama calistiriliyor...
2025-08-24 11:25:23,923 - SystemMasterAI - INFO - SystemMasterAI baslatiliyor...
2025-08-24 11:25:23,923 - SystemMasterAI - INFO - Bilesenler baslatiliyor...
2025-08-24 11:25:26,313 - SystemMasterAI - INFO - 1 plugin yuklendi
2025-08-24 11:25:26,313 - SystemMasterAI - INFO - GUI olusturuluyor...
2025-08-24 11:25:28,064 - SystemMasterAI - INFO - Sistem izleme baslatiliyor...
2025-08-24 11:25:28,095 - SystemMasterAI - INFO - Sistem bilgileri alindi: win32
2025-08-24 11:25:28,439 - SystemMasterAI - INFO - Uygulama calistiriliyor...
2025-08-24 11:37:11,906 - SystemMasterAI - INFO - SystemMasterAI baslatiliyor...
2025-08-24 11:37:11,906 - SystemMasterAI - INFO - Bilesenler baslatiliyor...
2025-08-24 11:37:14,220 - SystemMasterAI - INFO - 1 plugin yuklendi
2025-08-24 11:37:14,220 - SystemMasterAI - INFO - GUI olusturuluyor...
2025-08-24 11:57:30,443 - SystemMasterAI - INFO - SystemMasterAI baslatiliyor...
2025-08-24 11:57:30,459 - SystemMasterAI - INFO - Bilesenler baslatiliyor...
2025-08-24 11:57:32,756 - SystemMasterAI - INFO - 1 plugin yuklendi
2025-08-24 11:57:32,756 - SystemMasterAI - INFO - GUI olusturuluyor...
2025-08-24 11:57:36,527 - SystemMasterAI - INFO - Sistem izleme baslatiliyor...
2025-08-24 11:57:36,559 - SystemMasterAI - INFO - Sistem bilgileri alindi: win32
2025-08-24 11:57:36,887 - SystemMasterAI - INFO - Uygulama calistiriliyor...
2025-08-24 12:16:46,688 - SystemMasterAI - INFO - SystemMasterAI baslatiliyor...
2025-08-24 12:16:46,735 - SystemMasterAI - INFO - Bilesenler baslatiliyor...
2025-08-24 12:16:49,033 - SystemMasterAI - INFO - 1 plugin yuklendi
2025-08-24 12:16:49,033 - SystemMasterAI - INFO - GUI olusturuluyor...
2025-08-24 12:16:52,986 - SystemMasterAI - INFO - Sistem izleme baslatiliyor...
2025-08-24 12:16:53,018 - SystemMasterAI - INFO - Sistem bilgileri alindi: win32
2025-08-24 12:16:53,346 - SystemMasterAI - INFO - Uygulama calistiriliyor...
2025-08-24 12:42:36,122 - SystemMasterAI - INFO - SystemMasterAI baslatiliyor...
2025-08-24 12:42:36,175 - SystemMasterAI - INFO - Bilesenler baslatiliyor...
2025-08-24 12:42:38,490 - SystemMasterAI - INFO - 1 plugin yuklendi
2025-08-24 12:42:38,497 - SystemMasterAI - INFO - GUI olusturuluyor...
2025-08-24 12:42:42,999 - SystemMasterAI - INFO - Sistem izleme baslatiliyor...
2025-08-24 12:42:43,030 - SystemMasterAI - INFO - Sistem bilgileri alindi: win32
2025-08-24 12:42:43,408 - SystemMasterAI - INFO - Uygulama calistiriliyor...
2025-08-24 13:10:42,814 - SystemMasterAI - INFO - SystemMasterAI baslatiliyor...
2025-08-24 13:10:42,876 - SystemMasterAI - INFO - Bilesenler baslatiliyor...
2025-08-24 13:10:45,142 - SystemMasterAI - INFO - 1 plugin yuklendi
2025-08-24 13:10:45,142 - SystemMasterAI - INFO - GUI olusturuluyor...
2025-08-24 13:10:49,519 - SystemMasterAI - INFO - Sistem izleme baslatiliyor...
2025-08-24 13:10:49,612 - SystemMasterAI - INFO - Sistem bilgileri alindi: win32
2025-08-24 13:10:49,925 - SystemMasterAI - INFO - Uygulama calistiriliyor...
